<?xml version="1.0" encoding="UTF-8"?>
<!-- Generated by org.testng.reporters.JUnitReportReporter -->
<testsuite skipped="0" hostname="LAPTOP-OCVOKN3P" name="TestNgProgram.ExcelReadingAssignmenet" tests="1" failures="0" timestamp="11 Apr 2023 08:48:20 GMT" time="0.783" errors="0">
  <testcase name="getCellDetails" time="0.783" classname="TestNgProgram.ExcelReadingAssignmenet"/>
</testsuite> <!-- TestNgProgram.ExcelReadingAssignmenet -->
