<?xml version="1.0" encoding="UTF-8"?>
<!-- Generated by org.testng.reporters.JUnitReportReporter -->
<testsuite skipped="0" hostname="LAPTOP-OCVOKN3P" name="TestNgProgram.BrokenLinkAssignment" tests="1" failures="0" timestamp="10 Apr 2023 04:11:12 GMT" time="51.205" errors="0">
  <testcase name="testLinks" time="51.205" classname="TestNgProgram.BrokenLinkAssignment"/>
</testsuite> <!-- TestNgProgram.BrokenLinkAssignment -->
