<?xml version="1.0" encoding="UTF-8"?>
<!-- Generated by org.testng.reporters.JUnitReportReporter -->
<testsuite skipped="0" hostname="LAPTOP-OCVOKN3P" name="TestNgProgram.OrangeHrmTestCase" tests="3" failures="0" timestamp="12 Apr 2023 09:12:34 GMT" time="69.130" errors="0">
  <testcase name="Create" time="45.501" classname="TestNgProgram.OrangeHrmTestCase"/>
  <testcase name="update" time="13.470" classname="TestNgProgram.OrangeHrmTestCase"/>
  <testcase name="Delete" time="10.159" classname="TestNgProgram.OrangeHrmTestCase"/>
</testsuite> <!-- TestNgProgram.OrangeHrmTestCase -->
