<?xml version="1.0" encoding="UTF-8"?>
<!-- Generated by org.testng.reporters.JUnitReportReporter -->
<testsuite skipped="0" hostname="LAPTOP-OCVOKN3P" name="TestNgProgram.VtigerTestCase" tests="3" failures="0" timestamp="12 Apr 2023 16:08:18 GMT" time="31.483" errors="0">
  <testcase name="delete" time="4.447" classname="TestNgProgram.VtigerTestCase"/>
  <testcase name="create" time="20.023" classname="TestNgProgram.VtigerTestCase"/>
  <testcase name="Edit" time="7.013" classname="TestNgProgram.VtigerTestCase"/>
</testsuite> <!-- TestNgProgram.VtigerTestCase -->
