<?xml version="1.0" encoding="UTF-8"?>
<!-- Generated by org.testng.reporters.JUnitReportReporter -->
<testsuite skipped="0" hostname="LAPTOP-OCVOKN3P" name="TestNgProgram.windowHandlingAssignment1" tests="1" failures="0" timestamp="10 Apr 2023 13:29:06 GMT" time="26.759" errors="0">
  <testcase name="ParentWindow" time="26.759" classname="TestNgProgram.windowHandlingAssignment1"/>
</testsuite> <!-- TestNgProgram.windowHandlingAssignment1 -->
