<?xml version="1.0" encoding="UTF-8"?>
<!-- Generated by org.testng.reporters.JUnitReportReporter -->
<testsuite skipped="0" hostname="LAPTOP-OCVOKN3P" name="TestNgProgram.GoogleValidationTestNg" tests="1" failures="0" timestamp="06 Apr 2023 09:52:44 GMT" time="0.010" errors="0">
  <testcase name="f" time="0.010" classname="TestNgProgram.GoogleValidationTestNg"/>
</testsuite> <!-- TestNgProgram.GoogleValidationTestNg -->
