<?xml version="1.0" encoding="UTF-8"?>
<!-- Generated by org.testng.reporters.JUnitReportReporter -->
<testsuite skipped="0" hostname="LAPTOP-OCVOKN3P" name="TestNgProgram.GoogleValidationExample1" tests="2" failures="0" timestamp="10 Apr 2023 04:11:02 GMT" time="2.628" errors="0">
  <testcase name="testSearch" time="2.608" classname="TestNgProgram.GoogleValidationExample1"/>
  <testcase name="testGoogleLandingPage" time="0.020" classname="TestNgProgram.GoogleValidationExample1"/>
</testsuite> <!-- TestNgProgram.GoogleValidationExample1 -->
